<?xml version="1.0" encoding="UTF-8"?>
<coverage generated="1767714600011" clover="3.2.0">
  <project timestamp="1767714600016" name="All files">
    <metrics statements="22" coveredstatements="20" conditionals="10" coveredconditionals="9" methods="4" coveredmethods="3" elements="36" coveredelements="32" complexity="0" loc="22" ncloc="22" packages="1" files="2" classes="2"/>
    <file name="greeting.js" path="C:\Users\cecil\OneDrive\Documents\GitHub\EADL\DevOps-CICD\cicd-tp\src\greeting.js">
      <metrics statements="8" coveredstatements="8" conditionals="6" coveredconditionals="6" methods="1" coveredmethods="1"/>
      <line num="3" count="34" type="stmt"/>
      <line num="5" count="34" type="cond" truecount="2" falsecount="0"/>
      <line num="7" count="21" type="cond" truecount="4" falsecount="0"/>
      <line num="8" count="2" type="stmt"/>
      <line num="10" count="19" type="stmt"/>
      <line num="12" count="21" type="stmt"/>
      <line num="15" count="13" type="stmt"/>
      <line num="18" count="4" type="stmt"/>
    </file>
    <file name="server.js" path="C:\Users\cecil\OneDrive\Documents\GitHub\EADL\DevOps-CICD\cicd-tp\src\server.js">
      <metrics statements="14" coveredstatements="12" conditionals="4" coveredconditionals="3" methods="3" coveredmethods="2"/>
      <line num="1" count="3" type="stmt"/>
      <line num="2" count="3" type="stmt"/>
      <line num="4" count="3" type="stmt"/>
      <line num="5" count="3" type="cond" truecount="2" falsecount="0"/>
      <line num="7" count="3" type="stmt"/>
      <line num="8" count="12" type="stmt"/>
      <line num="10" count="12" type="stmt"/>
      <line num="13" count="3" type="stmt"/>
      <line num="14" count="10" type="stmt"/>
      <line num="16" count="10" type="stmt"/>
      <line num="19" count="3" type="cond" truecount="1" falsecount="1"/>
      <line num="20" count="0" type="stmt"/>
      <line num="21" count="0" type="stmt"/>
      <line num="25" count="3" type="stmt"/>
    </file>
  </project>
</coverage>
