<?xml version="1.0" encoding="UTF-8"?>
<coverage generated="1767711601679" clover="3.2.0">
  <project timestamp="1767711601680" name="All files">
    <metrics statements="20" coveredstatements="18" conditionals="6" coveredconditionals="5" methods="4" coveredmethods="3" elements="30" coveredelements="26" complexity="0" loc="20" ncloc="20" packages="1" files="2" classes="2"/>
    <file name="greeting.js" path="C:\Users\cecil\OneDrive\Documents\GitHub\EADL\DevOps-CICD\cicd-tp\src\greeting.js">
      <metrics statements="6" coveredstatements="6" conditionals="2" coveredconditionals="2" methods="1" coveredmethods="1"/>
      <line num="2" count="14" type="stmt"/>
      <line num="4" count="14" type="cond" truecount="2" falsecount="0"/>
      <line num="5" count="6" type="stmt"/>
      <line num="7" count="6" type="stmt"/>
      <line num="10" count="8" type="stmt"/>
      <line num="13" count="4" type="stmt"/>
    </file>
    <file name="server.js" path="C:\Users\cecil\OneDrive\Documents\GitHub\EADL\DevOps-CICD\cicd-tp\src\server.js">
      <metrics statements="14" coveredstatements="12" conditionals="4" coveredconditionals="3" methods="3" coveredmethods="2"/>
      <line num="1" count="3" type="stmt"/>
      <line num="2" count="3" type="stmt"/>
      <line num="4" count="3" type="stmt"/>
      <line num="5" count="3" type="cond" truecount="2" falsecount="0"/>
      <line num="7" count="3" type="stmt"/>
      <line num="8" count="5" type="stmt"/>
      <line num="10" count="5" type="stmt"/>
      <line num="13" count="3" type="stmt"/>
      <line num="14" count="2" type="stmt"/>
      <line num="16" count="2" type="stmt"/>
      <line num="19" count="3" type="cond" truecount="1" falsecount="1"/>
      <line num="20" count="0" type="stmt"/>
      <line num="21" count="0" type="stmt"/>
      <line num="25" count="3" type="stmt"/>
    </file>
  </project>
</coverage>
