{"C:\\Users\\cecil\\OneDrive\\Documents\\GitHub\\EADL\\DevOps-CICD\\cicd-tp\\src\\greeting.js": {"path":"C:\\Users\\cecil\\OneDrive\\Documents\\GitHub\\EADL\\DevOps-CICD\\cicd-tp\\src\\greeting.js","statementMap":{"0":{"start":{"line":2,"column":19},"end":{"line":2,"column":33}},"1":{"start":{"line":4,"column":2},"end":{"line":8,"column":3}},"2":{"start":{"line":5,"column":19},"end":{"line":5,"column":33}},"3":{"start":{"line":7,"column":4},"end":{"line":7,"column":35}},"4":{"start":{"line":10,"column":2},"end":{"line":10,"column":18}},"5":{"start":{"line":13,"column":0},"end":{"line":13,"column":33}}},"fnMap":{"0":{"name":"getGreeting","decl":{"start":{"line":1,"column":9},"end":{"line":1,"column":20}},"loc":{"start":{"line":1,"column":27},"end":{"line":11,"column":1}},"line":1}},"branchMap":{"0":{"loc":{"start":{"line":4,"column":2},"end":{"line":8,"column":3}},"type":"if","locations":[{"start":{"line":4,"column":2},"end":{"line":8,"column":3}},{"start":{},"end":{}}],"line":4}},"s":{"0":13,"1":13,"2":5,"3":5,"4":8,"5":4},"f":{"0":13},"b":{"0":[5,8]},"_coverageSchema":"1a1c01bbd47fc00a2c39e90264f33305004495a9","hash":"cbc5fc152713f3db8e8ea2d3cd4bfb333376ad63"}
,"C:\\Users\\cecil\\OneDrive\\Documents\\GitHub\\EADL\\DevOps-CICD\\cicd-tp\\src\\server.js": {"path":"C:\\Users\\cecil\\OneDrive\\Documents\\GitHub\\EADL\\DevOps-CICD\\cicd-tp\\src\\server.js","statementMap":{"0":{"start":{"line":1,"column":16},"end":{"line":1,"column":34}},"1":{"start":{"line":2,"column":24},"end":{"line":2,"column":45}},"2":{"start":{"line":4,"column":12},"end":{"line":4,"column":21}},"3":{"start":{"line":5,"column":13},"end":{"line":5,"column":37}},"4":{"start":{"line":7,"column":0},"end":{"line":11,"column":3}},"5":{"start":{"line":8,"column":15},"end":{"line":8,"column":30}},"6":{"start":{"line":10,"column":2},"end":{"line":10,"column":30}},"7":{"start":{"line":13,"column":0},"end":{"line":17,"column":3}},"8":{"start":{"line":14,"column":15},"end":{"line":14,"column":36}},"9":{"start":{"line":16,"column":2},"end":{"line":16,"column":30}},"10":{"start":{"line":19,"column":0},"end":{"line":23,"column":1}},"11":{"start":{"line":20,"column":2},"end":{"line":22,"column":5}},"12":{"start":{"line":21,"column":4},"end":{"line":21,"column":52}},"13":{"start":{"line":25,"column":0},"end":{"line":25,"column":21}}},"fnMap":{"0":{"name":"(anonymous_0)","decl":{"start":{"line":7,"column":25},"end":{"line":7,"column":26}},"loc":{"start":{"line":7,"column":39},"end":{"line":11,"column":1}},"line":7},"1":{"name":"(anonymous_1)","decl":{"start":{"line":13,"column":19},"end":{"line":13,"column":20}},"loc":{"start":{"line":13,"column":33},"end":{"line":17,"column":1}},"line":13},"2":{"name":"(anonymous_2)","decl":{"start":{"line":20,"column":19},"end":{"line":20,"column":20}},"loc":{"start":{"line":20,"column":25},"end":{"line":22,"column":3}},"line":20}},"branchMap":{"0":{"loc":{"start":{"line":5,"column":13},"end":{"line":5,"column":37}},"type":"binary-expr","locations":[{"start":{"line":5,"column":13},"end":{"line":5,"column":29}},{"start":{"line":5,"column":33},"end":{"line":5,"column":37}}],"line":5},"1":{"loc":{"start":{"line":19,"column":0},"end":{"line":23,"column":1}},"type":"if","locations":[{"start":{"line":19,"column":0},"end":{"line":23,"column":1}},{"start":{},"end":{}}],"line":19}},"s":{"0":3,"1":3,"2":3,"3":3,"4":3,"5":4,"6":4,"7":3,"8":2,"9":2,"10":3,"11":0,"12":0,"13":3},"f":{"0":4,"1":2,"2":0},"b":{"0":[3,3],"1":[0,3]},"_coverageSchema":"1a1c01bbd47fc00a2c39e90264f33305004495a9","hash":"9abea307c2d13a635379e1af32d0cb266081b15c"}
}
