TN:
SF:src\greeting.js
FN:1,getGreeting
FNF:1
FNH:1
FNDA:14,getGreeting
DA:2,14
DA:4,14
DA:5,6
DA:7,6
DA:10,8
DA:13,4
LF:6
LH:6
BRDA:4,0,0,6
BRDA:4,0,1,8
BRF:2
BRH:2
end_of_record
TN:
SF:src\server.js
FN:7,(anonymous_0)
FN:13,(anonymous_1)
FN:20,(anonymous_2)
FNF:3
FNH:2
FNDA:5,(anonymous_0)
FNDA:2,(anonymous_1)
FNDA:0,(anonymous_2)
DA:1,3
DA:2,3
DA:4,3
DA:5,3
DA:7,3
DA:8,5
DA:10,5
DA:13,3
DA:14,2
DA:16,2
DA:19,3
DA:20,0
DA:21,0
DA:25,3
LF:14
LH:12
BRDA:5,0,0,3
BRDA:5,0,1,3
BRDA:19,1,0,0
BRDA:19,1,1,3
BRF:4
BRH:3
end_of_record
