TN:
SF:src\greeting.js
FN:2,getGreeting
FNF:1
FNH:1
FNDA:34,getGreeting
DA:3,34
DA:5,34
DA:7,21
DA:8,2
DA:10,19
DA:12,21
DA:15,13
DA:18,4
LF:8
LH:8
BRDA:5,0,0,21
BRDA:5,0,1,13
BRDA:7,1,0,2
BRDA:7,1,1,19
BRDA:7,2,0,21
BRDA:7,2,1,20
BRF:6
BRH:6
end_of_record
TN:
SF:src\server.js
FN:7,(anonymous_0)
FN:13,(anonymous_1)
FN:20,(anonymous_2)
FNF:3
FNH:2
FNDA:12,(anonymous_0)
FNDA:10,(anonymous_1)
FNDA:0,(anonymous_2)
DA:1,3
DA:2,3
DA:4,3
DA:5,3
DA:7,3
DA:8,12
DA:10,12
DA:13,3
DA:14,10
DA:16,10
DA:19,3
DA:20,0
DA:21,0
DA:25,3
LF:14
LH:12
BRDA:5,0,0,3
BRDA:5,0,1,3
BRDA:19,1,0,0
BRDA:19,1,1,3
BRF:4
BRH:3
end_of_record
